[DEBUG] 2024-09-14 17:15:46.655 [main] PackageRelationshipCollection - Parsing relationship: /xl/_rels/workbook.xml.rels
[DEBUG] 2024-09-14 17:15:46.661 [main] PackageRelationshipCollection - Parsing relationship: /_rels/.rels
[TRACE] 2024-09-14 17:15:46.819 [main] XBeanDebug - Loading type system org.apache.poi.schemas.ooxml.system.ooxml
[TRACE] 2024-09-14 17:15:46.821 [main] XBeanDebug - Loading type system org.apache.xmlbeans.metadata.system.sXMLCONFIG
[TRACE] 2024-09-14 17:15:46.822 [main] XBeanDebug - Loading type system org.apache.xmlbeans.metadata.system.sXMLLANG
[TRACE] 2024-09-14 17:15:46.822 [main] XBeanDebug - Loading type system org.apache.xmlbeans.metadata.system.sXMLSCHEMA
[TRACE] 2024-09-14 17:15:46.823 [main] XBeanDebug - Loading type system org.apache.xmlbeans.metadata.system.sXMLTOOLS
[TRACE] 2024-09-14 17:15:46.834 [main] XBeanDebug - Reading unresolved handles for type system org.apache.xmlbeans.metadata.system.sXMLTOOLS
[TRACE] 2024-09-14 17:15:46.849 [main] XBeanDebug - Finished loading type system org.apache.xmlbeans.metadata.system.sXMLTOOLS
[TRACE] 2024-09-14 17:15:46.850 [main] XBeanDebug - Reading unresolved handles for type system org.apache.xmlbeans.metadata.system.sXMLSCHEMA
[TRACE] 2024-09-14 17:15:46.855 [main] XBeanDebug - Finished loading type system org.apache.xmlbeans.metadata.system.sXMLSCHEMA
[TRACE] 2024-09-14 17:15:46.856 [main] XBeanDebug - Reading unresolved handles for type system org.apache.xmlbeans.metadata.system.sXMLLANG
[TRACE] 2024-09-14 17:15:46.856 [main] XBeanDebug - Finished loading type system org.apache.xmlbeans.metadata.system.sXMLLANG
[TRACE] 2024-09-14 17:15:46.858 [main] XBeanDebug - Reading unresolved handles for type system org.apache.xmlbeans.metadata.system.sXMLCONFIG
[TRACE] 2024-09-14 17:15:46.859 [main] XBeanDebug - Finished loading type system org.apache.xmlbeans.metadata.system.sXMLCONFIG
[TRACE] 2024-09-14 17:15:46.859 [main] XBeanDebug - Reading unresolved handles for type system org.apache.poi.schemas.ooxml.system.ooxml
[TRACE] 2024-09-14 17:15:46.918 [main] XBeanDebug - Finished loading type system org.apache.poi.schemas.ooxml.system.ooxml
[TRACE] 2024-09-14 17:15:46.919 [main] XBeanDebug - Resolving type for handle themefd26doctype
[TRACE] 2024-09-14 17:15:46.959 [main] XBeanDebug - Resolving type for handle sstf81fdoctype
[TRACE] 2024-09-14 17:15:46.962 [main] XBeanDebug - Resolving type for handle ctsst44f3type
[TRACE] 2024-09-14 17:15:46.971 [main] XBeanDebug - Resolving type for handle ctrsta472type
[TRACE] 2024-09-14 17:15:46.983 [main] XBeanDebug - Resolving type for handle stylesheet5d8bdoctype
[TRACE] 2024-09-14 17:15:47.002 [main] XBeanDebug - Resolving type for handle ctstylesheet4257type
[TRACE] 2024-09-14 17:15:47.005 [main] XBeanDebug - Resolving type for handle ctnumfmtsb58btype
[TRACE] 2024-09-14 17:15:47.008 [main] XBeanDebug - Resolving type for handle ctnumfmt3870type
[TRACE] 2024-09-14 17:15:47.009 [main] XBeanDebug - Resolving type for handle stnumfmtid76fbtype
[TRACE] 2024-09-14 17:15:47.010 [main] XBeanDebug - Resolving type for handle stxstringf179type
[TRACE] 2024-09-14 17:15:47.013 [main] XBeanDebug - Resolving type for handle ctfonts6623type
[TRACE] 2024-09-14 17:15:47.015 [main] XBeanDebug - Resolving type for handle ctfont14d8type
[TRACE] 2024-09-14 17:15:47.019 [main] XBeanDebug - Resolving type for handle ctfills2c6ftype
[TRACE] 2024-09-14 17:15:47.021 [main] XBeanDebug - Resolving type for handle ctfill550ctype
[TRACE] 2024-09-14 17:15:47.022 [main] XBeanDebug - Resolving type for handle ctborders0d66type
[TRACE] 2024-09-14 17:15:47.024 [main] XBeanDebug - Resolving type for handle ctborderf935type
[TRACE] 2024-09-14 17:15:47.027 [main] XBeanDebug - Resolving type for handle ctcellxfs1322type
[TRACE] 2024-09-14 17:15:47.029 [main] XBeanDebug - Resolving type for handle ctxf97f7type
[TRACE] 2024-09-14 17:15:47.032 [main] XBeanDebug - Resolving type for handle ctcellstylexfsa81ftype
[TRACE] 2024-09-14 17:15:47.033 [main] XBeanDebug - Resolving type for handle ctdxfsb26atype
[TRACE] 2024-09-14 17:15:47.035 [main] XBeanDebug - Resolving type for handle ctdxfa3b1type
[TRACE] 2024-09-14 17:15:47.036 [main] XBeanDebug - Resolving type for handle cttablestyles872ftype
[TRACE] 2024-09-14 17:15:47.039 [main] XBeanDebug - Resolving type for handle cttablestylea24ctype
[TRACE] 2024-09-14 17:15:47.083 [main] XBeanDebug - Resolving type for handle cttablestyleelementa658type
[TRACE] 2024-09-14 17:15:47.084 [main] XBeanDebug - Resolving type for handle sttablestyletype9936type
[TRACE] 2024-09-14 17:15:47.088 [main] XBeanDebug - Resolving type for handle stdxfid9fdctype
[TRACE] 2024-09-14 17:15:47.093 [main] XBeanDebug - Resolving type for handle workbookec17doctype
[TRACE] 2024-09-14 17:15:47.096 [main] XBeanDebug - Resolving type for handle ctworkbook83c3type
[TRACE] 2024-09-14 17:15:47.100 [main] XBeanDebug - Resolving type for handle ctsheets49fdtype
[TRACE] 2024-09-14 17:15:47.101 [main] XBeanDebug - Resolving type for handle ctsheet4dbetype
[TRACE] 2024-09-14 17:15:47.102 [main] XBeanDebug - Resolving type for handle strelationshipid1e94type
[TRACE] 2024-09-14 17:15:47.103 [main] XBeanDebug - Resolving type for handle worksheetf539doctype
[TRACE] 2024-09-14 17:15:47.109 [main] XBeanDebug - Resolving type for handle ctworksheet530dtype
[TRACE] 2024-09-14 17:15:47.114 [main] XBeanDebug - Resolving type for handle ctcols627ctype
[TRACE] 2024-09-14 17:15:47.117 [main] XBeanDebug - Resolving type for handle ctcola95ftype
[TRACE] 2024-09-14 17:15:47.130 [main] XBeanDebug - Resolving type for handle ctsheetdata8408type
[TRACE] 2024-09-14 17:15:47.132 [main] XBeanDebug - Resolving type for handle ctrowdd39type
[TRACE] 2024-09-14 17:15:47.136 [main] XBeanDebug - Resolving type for handle ctcell842btype
[TRACE] 2024-09-14 17:15:47.141 [main] XBeanDebug - Resolving type for handle stcellrefe4e0type
[DEBUG] 2024-09-14 17:17:41.709 [main] PackageRelationshipCollection - Parsing relationship: /xl/_rels/workbook.xml.rels
[DEBUG] 2024-09-14 17:17:41.714 [main] PackageRelationshipCollection - Parsing relationship: /_rels/.rels
[TRACE] 2024-09-14 17:17:41.864 [main] XBeanDebug - Loading type system org.apache.poi.schemas.ooxml.system.ooxml
[TRACE] 2024-09-14 17:17:41.867 [main] XBeanDebug - Loading type system org.apache.xmlbeans.metadata.system.sXMLCONFIG
[TRACE] 2024-09-14 17:17:41.868 [main] XBeanDebug - Loading type system org.apache.xmlbeans.metadata.system.sXMLLANG
[TRACE] 2024-09-14 17:17:41.868 [main] XBeanDebug - Loading type system org.apache.xmlbeans.metadata.system.sXMLSCHEMA
[TRACE] 2024-09-14 17:17:41.869 [main] XBeanDebug - Loading type system org.apache.xmlbeans.metadata.system.sXMLTOOLS
[TRACE] 2024-09-14 17:17:41.869 [main] XBeanDebug - Reading unresolved handles for type system org.apache.xmlbeans.metadata.system.sXMLTOOLS
[TRACE] 2024-09-14 17:17:41.881 [main] XBeanDebug - Finished loading type system org.apache.xmlbeans.metadata.system.sXMLTOOLS
[TRACE] 2024-09-14 17:17:41.882 [main] XBeanDebug - Reading unresolved handles for type system org.apache.xmlbeans.metadata.system.sXMLSCHEMA
[TRACE] 2024-09-14 17:17:41.888 [main] XBeanDebug - Finished loading type system org.apache.xmlbeans.metadata.system.sXMLSCHEMA
[TRACE] 2024-09-14 17:17:41.889 [main] XBeanDebug - Reading unresolved handles for type system org.apache.xmlbeans.metadata.system.sXMLLANG
[TRACE] 2024-09-14 17:17:41.890 [main] XBeanDebug - Finished loading type system org.apache.xmlbeans.metadata.system.sXMLLANG
[TRACE] 2024-09-14 17:17:41.891 [main] XBeanDebug - Reading unresolved handles for type system org.apache.xmlbeans.metadata.system.sXMLCONFIG
[TRACE] 2024-09-14 17:17:41.892 [main] XBeanDebug - Finished loading type system org.apache.xmlbeans.metadata.system.sXMLCONFIG
[TRACE] 2024-09-14 17:17:41.893 [main] XBeanDebug - Reading unresolved handles for type system org.apache.poi.schemas.ooxml.system.ooxml
[TRACE] 2024-09-14 17:17:41.945 [main] XBeanDebug - Finished loading type system org.apache.poi.schemas.ooxml.system.ooxml
[TRACE] 2024-09-14 17:17:41.946 [main] XBeanDebug - Resolving type for handle themefd26doctype
[TRACE] 2024-09-14 17:17:41.988 [main] XBeanDebug - Resolving type for handle sstf81fdoctype
[TRACE] 2024-09-14 17:17:41.992 [main] XBeanDebug - Resolving type for handle ctsst44f3type
[TRACE] 2024-09-14 17:17:42.001 [main] XBeanDebug - Resolving type for handle ctrsta472type
[TRACE] 2024-09-14 17:17:42.012 [main] XBeanDebug - Resolving type for handle stylesheet5d8bdoctype
[TRACE] 2024-09-14 17:17:42.028 [main] XBeanDebug - Resolving type for handle ctstylesheet4257type
[TRACE] 2024-09-14 17:17:42.030 [main] XBeanDebug - Resolving type for handle ctnumfmtsb58btype
[TRACE] 2024-09-14 17:17:42.032 [main] XBeanDebug - Resolving type for handle ctnumfmt3870type
[TRACE] 2024-09-14 17:17:42.033 [main] XBeanDebug - Resolving type for handle stnumfmtid76fbtype
[TRACE] 2024-09-14 17:17:42.034 [main] XBeanDebug - Resolving type for handle stxstringf179type
[TRACE] 2024-09-14 17:17:42.036 [main] XBeanDebug - Resolving type for handle ctfonts6623type
[TRACE] 2024-09-14 17:17:42.037 [main] XBeanDebug - Resolving type for handle ctfont14d8type
[TRACE] 2024-09-14 17:17:42.041 [main] XBeanDebug - Resolving type for handle ctfills2c6ftype
[TRACE] 2024-09-14 17:17:42.043 [main] XBeanDebug - Resolving type for handle ctfill550ctype
[TRACE] 2024-09-14 17:17:42.045 [main] XBeanDebug - Resolving type for handle ctborders0d66type
[TRACE] 2024-09-14 17:17:42.046 [main] XBeanDebug - Resolving type for handle ctborderf935type
[TRACE] 2024-09-14 17:17:42.049 [main] XBeanDebug - Resolving type for handle ctcellxfs1322type
[TRACE] 2024-09-14 17:17:42.051 [main] XBeanDebug - Resolving type for handle ctxf97f7type
[TRACE] 2024-09-14 17:17:42.053 [main] XBeanDebug - Resolving type for handle ctcellstylexfsa81ftype
[TRACE] 2024-09-14 17:17:42.056 [main] XBeanDebug - Resolving type for handle ctdxfsb26atype
[TRACE] 2024-09-14 17:17:42.056 [main] XBeanDebug - Resolving type for handle ctdxfa3b1type
[TRACE] 2024-09-14 17:17:42.058 [main] XBeanDebug - Resolving type for handle cttablestyles872ftype
[TRACE] 2024-09-14 17:17:42.060 [main] XBeanDebug - Resolving type for handle cttablestylea24ctype
[TRACE] 2024-09-14 17:17:42.104 [main] XBeanDebug - Resolving type for handle cttablestyleelementa658type
[TRACE] 2024-09-14 17:17:42.106 [main] XBeanDebug - Resolving type for handle sttablestyletype9936type
[TRACE] 2024-09-14 17:17:42.109 [main] XBeanDebug - Resolving type for handle stdxfid9fdctype
[TRACE] 2024-09-14 17:17:42.117 [main] XBeanDebug - Resolving type for handle workbookec17doctype
[TRACE] 2024-09-14 17:17:42.121 [main] XBeanDebug - Resolving type for handle ctworkbook83c3type
[TRACE] 2024-09-14 17:17:42.123 [main] XBeanDebug - Resolving type for handle ctsheets49fdtype
[TRACE] 2024-09-14 17:17:42.126 [main] XBeanDebug - Resolving type for handle ctsheet4dbetype
[TRACE] 2024-09-14 17:17:42.128 [main] XBeanDebug - Resolving type for handle strelationshipid1e94type
[TRACE] 2024-09-14 17:17:42.131 [main] XBeanDebug - Resolving type for handle worksheetf539doctype
[TRACE] 2024-09-14 17:17:42.134 [main] XBeanDebug - Resolving type for handle ctworksheet530dtype
[TRACE] 2024-09-14 17:17:42.141 [main] XBeanDebug - Resolving type for handle ctcols627ctype
[TRACE] 2024-09-14 17:17:42.146 [main] XBeanDebug - Resolving type for handle ctcola95ftype
[TRACE] 2024-09-14 17:17:42.163 [main] XBeanDebug - Resolving type for handle ctsheetdata8408type
[TRACE] 2024-09-14 17:17:42.164 [main] XBeanDebug - Resolving type for handle ctrowdd39type
[TRACE] 2024-09-14 17:17:42.167 [main] XBeanDebug - Resolving type for handle ctcell842btype
[TRACE] 2024-09-14 17:17:42.173 [main] XBeanDebug - Resolving type for handle stcellrefe4e0type
[DEBUG] 2024-09-14 17:23:11.563 [main] PackageRelationshipCollection - Parsing relationship: /xl/_rels/workbook.xml.rels
[DEBUG] 2024-09-14 17:23:11.570 [main] PackageRelationshipCollection - Parsing relationship: /_rels/.rels
[TRACE] 2024-09-14 17:23:11.724 [main] XBeanDebug - Loading type system org.apache.poi.schemas.ooxml.system.ooxml
[TRACE] 2024-09-14 17:23:11.726 [main] XBeanDebug - Loading type system org.apache.xmlbeans.metadata.system.sXMLCONFIG
[TRACE] 2024-09-14 17:23:11.727 [main] XBeanDebug - Loading type system org.apache.xmlbeans.metadata.system.sXMLLANG
[TRACE] 2024-09-14 17:23:11.727 [main] XBeanDebug - Loading type system org.apache.xmlbeans.metadata.system.sXMLSCHEMA
[TRACE] 2024-09-14 17:23:11.728 [main] XBeanDebug - Loading type system org.apache.xmlbeans.metadata.system.sXMLTOOLS
[TRACE] 2024-09-14 17:23:11.728 [main] XBeanDebug - Reading unresolved handles for type system org.apache.xmlbeans.metadata.system.sXMLTOOLS
[TRACE] 2024-09-14 17:23:11.740 [main] XBeanDebug - Finished loading type system org.apache.xmlbeans.metadata.system.sXMLTOOLS
[TRACE] 2024-09-14 17:23:11.742 [main] XBeanDebug - Reading unresolved handles for type system org.apache.xmlbeans.metadata.system.sXMLSCHEMA
[TRACE] 2024-09-14 17:23:11.747 [main] XBeanDebug - Finished loading type system org.apache.xmlbeans.metadata.system.sXMLSCHEMA
[TRACE] 2024-09-14 17:23:11.748 [main] XBeanDebug - Reading unresolved handles for type system org.apache.xmlbeans.metadata.system.sXMLLANG
[TRACE] 2024-09-14 17:23:11.750 [main] XBeanDebug - Finished loading type system org.apache.xmlbeans.metadata.system.sXMLLANG
[TRACE] 2024-09-14 17:23:11.751 [main] XBeanDebug - Reading unresolved handles for type system org.apache.xmlbeans.metadata.system.sXMLCONFIG
[TRACE] 2024-09-14 17:23:11.752 [main] XBeanDebug - Finished loading type system org.apache.xmlbeans.metadata.system.sXMLCONFIG
[TRACE] 2024-09-14 17:23:11.753 [main] XBeanDebug - Reading unresolved handles for type system org.apache.poi.schemas.ooxml.system.ooxml
[TRACE] 2024-09-14 17:23:11.802 [main] XBeanDebug - Finished loading type system org.apache.poi.schemas.ooxml.system.ooxml
[TRACE] 2024-09-14 17:23:11.802 [main] XBeanDebug - Resolving type for handle themefd26doctype
[TRACE] 2024-09-14 17:23:11.844 [main] XBeanDebug - Resolving type for handle sstf81fdoctype
[TRACE] 2024-09-14 17:23:11.847 [main] XBeanDebug - Resolving type for handle ctsst44f3type
[TRACE] 2024-09-14 17:23:11.857 [main] XBeanDebug - Resolving type for handle ctrsta472type
[TRACE] 2024-09-14 17:23:11.869 [main] XBeanDebug - Resolving type for handle stylesheet5d8bdoctype
[TRACE] 2024-09-14 17:23:11.884 [main] XBeanDebug - Resolving type for handle ctstylesheet4257type
[TRACE] 2024-09-14 17:23:11.886 [main] XBeanDebug - Resolving type for handle ctnumfmtsb58btype
[TRACE] 2024-09-14 17:23:11.888 [main] XBeanDebug - Resolving type for handle ctnumfmt3870type
[TRACE] 2024-09-14 17:23:11.890 [main] XBeanDebug - Resolving type for handle stnumfmtid76fbtype
[TRACE] 2024-09-14 17:23:11.891 [main] XBeanDebug - Resolving type for handle stxstringf179type
[TRACE] 2024-09-14 17:23:11.892 [main] XBeanDebug - Resolving type for handle ctfonts6623type
[TRACE] 2024-09-14 17:23:11.894 [main] XBeanDebug - Resolving type for handle ctfont14d8type
[TRACE] 2024-09-14 17:23:11.897 [main] XBeanDebug - Resolving type for handle ctfills2c6ftype
[TRACE] 2024-09-14 17:23:11.899 [main] XBeanDebug - Resolving type for handle ctfill550ctype
[TRACE] 2024-09-14 17:23:11.901 [main] XBeanDebug - Resolving type for handle ctborders0d66type
[TRACE] 2024-09-14 17:23:11.903 [main] XBeanDebug - Resolving type for handle ctborderf935type
[TRACE] 2024-09-14 17:23:11.905 [main] XBeanDebug - Resolving type for handle ctcellxfs1322type
[TRACE] 2024-09-14 17:23:11.907 [main] XBeanDebug - Resolving type for handle ctxf97f7type
[TRACE] 2024-09-14 17:23:11.910 [main] XBeanDebug - Resolving type for handle ctcellstylexfsa81ftype
[TRACE] 2024-09-14 17:23:11.912 [main] XBeanDebug - Resolving type for handle ctdxfsb26atype
[TRACE] 2024-09-14 17:23:11.913 [main] XBeanDebug - Resolving type for handle ctdxfa3b1type
[TRACE] 2024-09-14 17:23:11.915 [main] XBeanDebug - Resolving type for handle cttablestyles872ftype
[TRACE] 2024-09-14 17:23:11.916 [main] XBeanDebug - Resolving type for handle cttablestylea24ctype
[TRACE] 2024-09-14 17:23:11.959 [main] XBeanDebug - Resolving type for handle cttablestyleelementa658type
[TRACE] 2024-09-14 17:23:11.961 [main] XBeanDebug - Resolving type for handle sttablestyletype9936type
[TRACE] 2024-09-14 17:23:11.964 [main] XBeanDebug - Resolving type for handle stdxfid9fdctype
[TRACE] 2024-09-14 17:23:11.971 [main] XBeanDebug - Resolving type for handle workbookec17doctype
[TRACE] 2024-09-14 17:23:11.975 [main] XBeanDebug - Resolving type for handle ctworkbook83c3type
[TRACE] 2024-09-14 17:23:11.980 [main] XBeanDebug - Resolving type for handle ctsheets49fdtype
[TRACE] 2024-09-14 17:23:11.982 [main] XBeanDebug - Resolving type for handle ctsheet4dbetype
[TRACE] 2024-09-14 17:23:11.984 [main] XBeanDebug - Resolving type for handle strelationshipid1e94type
[TRACE] 2024-09-14 17:23:11.985 [main] XBeanDebug - Resolving type for handle worksheetf539doctype
[TRACE] 2024-09-14 17:23:11.988 [main] XBeanDebug - Resolving type for handle ctworksheet530dtype
[TRACE] 2024-09-14 17:23:11.994 [main] XBeanDebug - Resolving type for handle ctcols627ctype
[TRACE] 2024-09-14 17:23:11.997 [main] XBeanDebug - Resolving type for handle ctcola95ftype
[TRACE] 2024-09-14 17:23:12.012 [main] XBeanDebug - Resolving type for handle ctsheetdata8408type
[TRACE] 2024-09-14 17:23:12.013 [main] XBeanDebug - Resolving type for handle ctrowdd39type
[TRACE] 2024-09-14 17:23:12.017 [main] XBeanDebug - Resolving type for handle ctcell842btype
[TRACE] 2024-09-14 17:23:12.022 [main] XBeanDebug - Resolving type for handle stcellrefe4e0type
[DEBUG] 2024-09-14 17:24:14.755 [main] PackageRelationshipCollection - Parsing relationship: /xl/_rels/workbook.xml.rels
[DEBUG] 2024-09-14 17:24:14.761 [main] PackageRelationshipCollection - Parsing relationship: /_rels/.rels
[TRACE] 2024-09-14 17:24:14.910 [main] XBeanDebug - Loading type system org.apache.poi.schemas.ooxml.system.ooxml
[TRACE] 2024-09-14 17:24:14.914 [main] XBeanDebug - Loading type system org.apache.xmlbeans.metadata.system.sXMLCONFIG
[TRACE] 2024-09-14 17:24:14.917 [main] XBeanDebug - Loading type system org.apache.xmlbeans.metadata.system.sXMLLANG
[TRACE] 2024-09-14 17:24:14.917 [main] XBeanDebug - Loading type system org.apache.xmlbeans.metadata.system.sXMLSCHEMA
[TRACE] 2024-09-14 17:24:14.917 [main] XBeanDebug - Loading type system org.apache.xmlbeans.metadata.system.sXMLTOOLS
[TRACE] 2024-09-14 17:24:14.918 [main] XBeanDebug - Reading unresolved handles for type system org.apache.xmlbeans.metadata.system.sXMLTOOLS
[TRACE] 2024-09-14 17:24:14.932 [main] XBeanDebug - Finished loading type system org.apache.xmlbeans.metadata.system.sXMLTOOLS
[TRACE] 2024-09-14 17:24:14.933 [main] XBeanDebug - Reading unresolved handles for type system org.apache.xmlbeans.metadata.system.sXMLSCHEMA
[TRACE] 2024-09-14 17:24:14.939 [main] XBeanDebug - Finished loading type system org.apache.xmlbeans.metadata.system.sXMLSCHEMA
[TRACE] 2024-09-14 17:24:14.941 [main] XBeanDebug - Reading unresolved handles for type system org.apache.xmlbeans.metadata.system.sXMLLANG
[TRACE] 2024-09-14 17:24:14.943 [main] XBeanDebug - Finished loading type system org.apache.xmlbeans.metadata.system.sXMLLANG
[TRACE] 2024-09-14 17:24:14.944 [main] XBeanDebug - Reading unresolved handles for type system org.apache.xmlbeans.metadata.system.sXMLCONFIG
[TRACE] 2024-09-14 17:24:14.945 [main] XBeanDebug - Finished loading type system org.apache.xmlbeans.metadata.system.sXMLCONFIG
[TRACE] 2024-09-14 17:24:14.946 [main] XBeanDebug - Reading unresolved handles for type system org.apache.poi.schemas.ooxml.system.ooxml
[TRACE] 2024-09-14 17:24:15.018 [main] XBeanDebug - Finished loading type system org.apache.poi.schemas.ooxml.system.ooxml
[TRACE] 2024-09-14 17:24:15.020 [main] XBeanDebug - Resolving type for handle themefd26doctype
[TRACE] 2024-09-14 17:24:15.071 [main] XBeanDebug - Resolving type for handle sstf81fdoctype
[TRACE] 2024-09-14 17:24:15.080 [main] XBeanDebug - Resolving type for handle ctsst44f3type
[TRACE] 2024-09-14 17:24:15.092 [main] XBeanDebug - Resolving type for handle ctrsta472type
[TRACE] 2024-09-14 17:24:15.105 [main] XBeanDebug - Resolving type for handle stylesheet5d8bdoctype
[TRACE] 2024-09-14 17:24:15.127 [main] XBeanDebug - Resolving type for handle ctstylesheet4257type
[TRACE] 2024-09-14 17:24:15.130 [main] XBeanDebug - Resolving type for handle ctnumfmtsb58btype
[TRACE] 2024-09-14 17:24:15.133 [main] XBeanDebug - Resolving type for handle ctnumfmt3870type
[TRACE] 2024-09-14 17:24:15.135 [main] XBeanDebug - Resolving type for handle stnumfmtid76fbtype
[TRACE] 2024-09-14 17:24:15.137 [main] XBeanDebug - Resolving type for handle stxstringf179type
[TRACE] 2024-09-14 17:24:15.139 [main] XBeanDebug - Resolving type for handle ctfonts6623type
[TRACE] 2024-09-14 17:24:15.141 [main] XBeanDebug - Resolving type for handle ctfont14d8type
[TRACE] 2024-09-14 17:24:15.145 [main] XBeanDebug - Resolving type for handle ctfills2c6ftype
[TRACE] 2024-09-14 17:24:15.147 [main] XBeanDebug - Resolving type for handle ctfill550ctype
[TRACE] 2024-09-14 17:24:15.149 [main] XBeanDebug - Resolving type for handle ctborders0d66type
[TRACE] 2024-09-14 17:24:15.152 [main] XBeanDebug - Resolving type for handle ctborderf935type
[TRACE] 2024-09-14 17:24:15.154 [main] XBeanDebug - Resolving type for handle ctcellxfs1322type
[TRACE] 2024-09-14 17:24:15.156 [main] XBeanDebug - Resolving type for handle ctxf97f7type
[TRACE] 2024-09-14 17:24:15.159 [main] XBeanDebug - Resolving type for handle ctcellstylexfsa81ftype
[TRACE] 2024-09-14 17:24:15.162 [main] XBeanDebug - Resolving type for handle ctdxfsb26atype
[TRACE] 2024-09-14 17:24:15.163 [main] XBeanDebug - Resolving type for handle ctdxfa3b1type
[TRACE] 2024-09-14 17:24:15.165 [main] XBeanDebug - Resolving type for handle cttablestyles872ftype
[TRACE] 2024-09-14 17:24:15.168 [main] XBeanDebug - Resolving type for handle cttablestylea24ctype
[TRACE] 2024-09-14 17:24:15.217 [main] XBeanDebug - Resolving type for handle cttablestyleelementa658type
[TRACE] 2024-09-14 17:24:15.218 [main] XBeanDebug - Resolving type for handle sttablestyletype9936type
[TRACE] 2024-09-14 17:24:15.220 [main] XBeanDebug - Resolving type for handle stdxfid9fdctype
[TRACE] 2024-09-14 17:24:15.227 [main] XBeanDebug - Resolving type for handle workbookec17doctype
[TRACE] 2024-09-14 17:24:15.230 [main] XBeanDebug - Resolving type for handle ctworkbook83c3type
[TRACE] 2024-09-14 17:24:15.233 [main] XBeanDebug - Resolving type for handle ctsheets49fdtype
[TRACE] 2024-09-14 17:24:15.235 [main] XBeanDebug - Resolving type for handle ctsheet4dbetype
[TRACE] 2024-09-14 17:24:15.236 [main] XBeanDebug - Resolving type for handle strelationshipid1e94type
[TRACE] 2024-09-14 17:24:15.237 [main] XBeanDebug - Resolving type for handle worksheetf539doctype
[TRACE] 2024-09-14 17:24:15.240 [main] XBeanDebug - Resolving type for handle ctworksheet530dtype
[TRACE] 2024-09-14 17:24:15.247 [main] XBeanDebug - Resolving type for handle ctcols627ctype
[TRACE] 2024-09-14 17:24:15.250 [main] XBeanDebug - Resolving type for handle ctcola95ftype
[TRACE] 2024-09-14 17:24:15.264 [main] XBeanDebug - Resolving type for handle ctsheetdata8408type
[TRACE] 2024-09-14 17:24:15.266 [main] XBeanDebug - Resolving type for handle ctrowdd39type
[TRACE] 2024-09-14 17:24:15.269 [main] XBeanDebug - Resolving type for handle ctcell842btype
[TRACE] 2024-09-14 17:24:15.273 [main] XBeanDebug - Resolving type for handle stcellrefe4e0type
[DEBUG] 2024-09-14 17:24:15.285 [main] PackageRelationshipCollection - Parsing relationship: /xl/_rels/workbook.xml.rels
[DEBUG] 2024-09-14 17:24:15.285 [main] PackageRelationshipCollection - Parsing relationship: /_rels/.rels
[TRACE] 2024-09-14 17:24:15.307 [main] XBeanDebug - Resolving type for handle stcelltypebf95type
[DEBUG] 2024-09-14 17:28:07.534 [main] PackageRelationshipCollection - Parsing relationship: /xl/_rels/workbook.xml.rels
[DEBUG] 2024-09-14 17:28:07.540 [main] PackageRelationshipCollection - Parsing relationship: /_rels/.rels
[TRACE] 2024-09-14 17:28:07.682 [main] XBeanDebug - Loading type system org.apache.poi.schemas.ooxml.system.ooxml
[TRACE] 2024-09-14 17:28:07.685 [main] XBeanDebug - Loading type system org.apache.xmlbeans.metadata.system.sXMLCONFIG
[TRACE] 2024-09-14 17:28:07.686 [main] XBeanDebug - Loading type system org.apache.xmlbeans.metadata.system.sXMLLANG
[TRACE] 2024-09-14 17:28:07.686 [main] XBeanDebug - Loading type system org.apache.xmlbeans.metadata.system.sXMLSCHEMA
[TRACE] 2024-09-14 17:28:07.687 [main] XBeanDebug - Loading type system org.apache.xmlbeans.metadata.system.sXMLTOOLS
[TRACE] 2024-09-14 17:28:07.688 [main] XBeanDebug - Reading unresolved handles for type system org.apache.xmlbeans.metadata.system.sXMLTOOLS
[TRACE] 2024-09-14 17:28:07.699 [main] XBeanDebug - Finished loading type system org.apache.xmlbeans.metadata.system.sXMLTOOLS
[TRACE] 2024-09-14 17:28:07.700 [main] XBeanDebug - Reading unresolved handles for type system org.apache.xmlbeans.metadata.system.sXMLSCHEMA
[TRACE] 2024-09-14 17:28:07.706 [main] XBeanDebug - Finished loading type system org.apache.xmlbeans.metadata.system.sXMLSCHEMA
[TRACE] 2024-09-14 17:28:07.707 [main] XBeanDebug - Reading unresolved handles for type system org.apache.xmlbeans.metadata.system.sXMLLANG
[TRACE] 2024-09-14 17:28:07.707 [main] XBeanDebug - Finished loading type system org.apache.xmlbeans.metadata.system.sXMLLANG
[TRACE] 2024-09-14 17:28:07.708 [main] XBeanDebug - Reading unresolved handles for type system org.apache.xmlbeans.metadata.system.sXMLCONFIG
[TRACE] 2024-09-14 17:28:07.709 [main] XBeanDebug - Finished loading type system org.apache.xmlbeans.metadata.system.sXMLCONFIG
[TRACE] 2024-09-14 17:28:07.710 [main] XBeanDebug - Reading unresolved handles for type system org.apache.poi.schemas.ooxml.system.ooxml
[TRACE] 2024-09-14 17:28:07.773 [main] XBeanDebug - Finished loading type system org.apache.poi.schemas.ooxml.system.ooxml
[TRACE] 2024-09-14 17:28:07.773 [main] XBeanDebug - Resolving type for handle themefd26doctype
[TRACE] 2024-09-14 17:28:07.814 [main] XBeanDebug - Resolving type for handle sstf81fdoctype
[TRACE] 2024-09-14 17:28:07.816 [main] XBeanDebug - Resolving type for handle ctsst44f3type
[TRACE] 2024-09-14 17:28:07.828 [main] XBeanDebug - Resolving type for handle ctrsta472type
[TRACE] 2024-09-14 17:28:07.839 [main] XBeanDebug - Resolving type for handle stylesheet5d8bdoctype
[TRACE] 2024-09-14 17:28:07.855 [main] XBeanDebug - Resolving type for handle ctstylesheet4257type
[TRACE] 2024-09-14 17:28:07.861 [main] XBeanDebug - Resolving type for handle ctnumfmtsb58btype
[TRACE] 2024-09-14 17:28:07.864 [main] XBeanDebug - Resolving type for handle ctnumfmt3870type
[TRACE] 2024-09-14 17:28:07.865 [main] XBeanDebug - Resolving type for handle stnumfmtid76fbtype
[TRACE] 2024-09-14 17:28:07.866 [main] XBeanDebug - Resolving type for handle stxstringf179type
[TRACE] 2024-09-14 17:28:07.867 [main] XBeanDebug - Resolving type for handle ctfonts6623type
[TRACE] 2024-09-14 17:28:07.870 [main] XBeanDebug - Resolving type for handle ctfont14d8type
[TRACE] 2024-09-14 17:28:07.874 [main] XBeanDebug - Resolving type for handle ctfills2c6ftype
[TRACE] 2024-09-14 17:28:07.876 [main] XBeanDebug - Resolving type for handle ctfill550ctype
[TRACE] 2024-09-14 17:28:07.877 [main] XBeanDebug - Resolving type for handle ctborders0d66type
[TRACE] 2024-09-14 17:28:07.878 [main] XBeanDebug - Resolving type for handle ctborderf935type
[TRACE] 2024-09-14 17:28:07.883 [main] XBeanDebug - Resolving type for handle ctcellxfs1322type
[TRACE] 2024-09-14 17:28:07.885 [main] XBeanDebug - Resolving type for handle ctxf97f7type
[TRACE] 2024-09-14 17:28:07.889 [main] XBeanDebug - Resolving type for handle ctcellstylexfsa81ftype
[TRACE] 2024-09-14 17:28:07.891 [main] XBeanDebug - Resolving type for handle ctdxfsb26atype
[TRACE] 2024-09-14 17:28:07.893 [main] XBeanDebug - Resolving type for handle ctdxfa3b1type
[TRACE] 2024-09-14 17:28:07.895 [main] XBeanDebug - Resolving type for handle cttablestyles872ftype
[TRACE] 2024-09-14 17:28:07.896 [main] XBeanDebug - Resolving type for handle cttablestylea24ctype
[TRACE] 2024-09-14 17:28:07.958 [main] XBeanDebug - Resolving type for handle cttablestyleelementa658type
[TRACE] 2024-09-14 17:28:07.960 [main] XBeanDebug - Resolving type for handle sttablestyletype9936type
[TRACE] 2024-09-14 17:28:07.964 [main] XBeanDebug - Resolving type for handle stdxfid9fdctype
[TRACE] 2024-09-14 17:28:07.970 [main] XBeanDebug - Resolving type for handle workbookec17doctype
[TRACE] 2024-09-14 17:28:07.974 [main] XBeanDebug - Resolving type for handle ctworkbook83c3type
[TRACE] 2024-09-14 17:28:07.978 [main] XBeanDebug - Resolving type for handle ctsheets49fdtype
[TRACE] 2024-09-14 17:28:07.980 [main] XBeanDebug - Resolving type for handle ctsheet4dbetype
[TRACE] 2024-09-14 17:28:07.982 [main] XBeanDebug - Resolving type for handle strelationshipid1e94type
[TRACE] 2024-09-14 17:28:07.983 [main] XBeanDebug - Resolving type for handle worksheetf539doctype
[TRACE] 2024-09-14 17:28:07.987 [main] XBeanDebug - Resolving type for handle ctworksheet530dtype
[TRACE] 2024-09-14 17:28:07.995 [main] XBeanDebug - Resolving type for handle ctcols627ctype
[TRACE] 2024-09-14 17:28:07.997 [main] XBeanDebug - Resolving type for handle ctcola95ftype
[TRACE] 2024-09-14 17:28:08.010 [main] XBeanDebug - Resolving type for handle ctsheetdata8408type
[TRACE] 2024-09-14 17:28:08.012 [main] XBeanDebug - Resolving type for handle ctrowdd39type
[TRACE] 2024-09-14 17:28:08.016 [main] XBeanDebug - Resolving type for handle ctcell842btype
[TRACE] 2024-09-14 17:28:08.021 [main] XBeanDebug - Resolving type for handle stcellrefe4e0type
[DEBUG] 2024-09-14 17:28:08.037 [main] PackageRelationshipCollection - Parsing relationship: /xl/_rels/workbook.xml.rels
[DEBUG] 2024-09-14 17:28:08.038 [main] PackageRelationshipCollection - Parsing relationship: /_rels/.rels
[TRACE] 2024-09-14 17:28:08.069 [main] XBeanDebug - Resolving type for handle stcelltypebf95type
[DEBUG] 2024-09-14 17:28:08.080 [main] PackageRelationshipCollection - Parsing relationship: /xl/_rels/workbook.xml.rels
[DEBUG] 2024-09-14 17:28:08.081 [main] PackageRelationshipCollection - Parsing relationship: /_rels/.rels
[DEBUG] 2024-09-14 18:10:36.160 [main] PackageRelationshipCollection - Parsing relationship: /xl/_rels/workbook.xml.rels
[DEBUG] 2024-09-14 18:10:36.168 [main] PackageRelationshipCollection - Parsing relationship: /_rels/.rels
[TRACE] 2024-09-14 18:10:36.339 [main] XBeanDebug - Loading type system org.apache.poi.schemas.ooxml.system.ooxml
[TRACE] 2024-09-14 18:10:36.343 [main] XBeanDebug - Loading type system org.apache.xmlbeans.metadata.system.sXMLCONFIG
[TRACE] 2024-09-14 18:10:36.344 [main] XBeanDebug - Loading type system org.apache.xmlbeans.metadata.system.sXMLLANG
[TRACE] 2024-09-14 18:10:36.345 [main] XBeanDebug - Loading type system org.apache.xmlbeans.metadata.system.sXMLSCHEMA
[TRACE] 2024-09-14 18:10:36.345 [main] XBeanDebug - Loading type system org.apache.xmlbeans.metadata.system.sXMLTOOLS
[TRACE] 2024-09-14 18:10:36.346 [main] XBeanDebug - Reading unresolved handles for type system org.apache.xmlbeans.metadata.system.sXMLTOOLS
[TRACE] 2024-09-14 18:10:36.357 [main] XBeanDebug - Finished loading type system org.apache.xmlbeans.metadata.system.sXMLTOOLS
[TRACE] 2024-09-14 18:10:36.358 [main] XBeanDebug - Reading unresolved handles for type system org.apache.xmlbeans.metadata.system.sXMLSCHEMA
[TRACE] 2024-09-14 18:10:36.363 [main] XBeanDebug - Finished loading type system org.apache.xmlbeans.metadata.system.sXMLSCHEMA
[TRACE] 2024-09-14 18:10:36.364 [main] XBeanDebug - Reading unresolved handles for type system org.apache.xmlbeans.metadata.system.sXMLLANG
[TRACE] 2024-09-14 18:10:36.365 [main] XBeanDebug - Finished loading type system org.apache.xmlbeans.metadata.system.sXMLLANG
[TRACE] 2024-09-14 18:10:36.366 [main] XBeanDebug - Reading unresolved handles for type system org.apache.xmlbeans.metadata.system.sXMLCONFIG
[TRACE] 2024-09-14 18:10:36.367 [main] XBeanDebug - Finished loading type system org.apache.xmlbeans.metadata.system.sXMLCONFIG
[TRACE] 2024-09-14 18:10:36.368 [main] XBeanDebug - Reading unresolved handles for type system org.apache.poi.schemas.ooxml.system.ooxml
[TRACE] 2024-09-14 18:10:36.421 [main] XBeanDebug - Finished loading type system org.apache.poi.schemas.ooxml.system.ooxml
[TRACE] 2024-09-14 18:10:36.422 [main] XBeanDebug - Resolving type for handle themefd26doctype
[TRACE] 2024-09-14 18:10:36.462 [main] XBeanDebug - Resolving type for handle sstf81fdoctype
[TRACE] 2024-09-14 18:10:36.465 [main] XBeanDebug - Resolving type for handle ctsst44f3type
[TRACE] 2024-09-14 18:10:36.474 [main] XBeanDebug - Resolving type for handle ctrsta472type
[TRACE] 2024-09-14 18:10:36.486 [main] XBeanDebug - Resolving type for handle stylesheet5d8bdoctype
[TRACE] 2024-09-14 18:10:36.506 [main] XBeanDebug - Resolving type for handle ctstylesheet4257type
[TRACE] 2024-09-14 18:10:36.509 [main] XBeanDebug - Resolving type for handle ctnumfmtsb58btype
[TRACE] 2024-09-14 18:10:36.511 [main] XBeanDebug - Resolving type for handle ctnumfmt3870type
[TRACE] 2024-09-14 18:10:36.512 [main] XBeanDebug - Resolving type for handle stnumfmtid76fbtype
[TRACE] 2024-09-14 18:10:36.513 [main] XBeanDebug - Resolving type for handle stxstringf179type
[TRACE] 2024-09-14 18:10:36.515 [main] XBeanDebug - Resolving type for handle ctfonts6623type
[TRACE] 2024-09-14 18:10:36.516 [main] XBeanDebug - Resolving type for handle ctfont14d8type
[TRACE] 2024-09-14 18:10:36.521 [main] XBeanDebug - Resolving type for handle ctfills2c6ftype
[TRACE] 2024-09-14 18:10:36.523 [main] XBeanDebug - Resolving type for handle ctfill550ctype
[TRACE] 2024-09-14 18:10:36.524 [main] XBeanDebug - Resolving type for handle ctborders0d66type
[TRACE] 2024-09-14 18:10:36.526 [main] XBeanDebug - Resolving type for handle ctborderf935type
[TRACE] 2024-09-14 18:10:36.528 [main] XBeanDebug - Resolving type for handle ctcellxfs1322type
[TRACE] 2024-09-14 18:10:36.529 [main] XBeanDebug - Resolving type for handle ctxf97f7type
[TRACE] 2024-09-14 18:10:36.532 [main] XBeanDebug - Resolving type for handle ctcellstylexfsa81ftype
[TRACE] 2024-09-14 18:10:36.533 [main] XBeanDebug - Resolving type for handle ctdxfsb26atype
[TRACE] 2024-09-14 18:10:36.535 [main] XBeanDebug - Resolving type for handle ctdxfa3b1type
[TRACE] 2024-09-14 18:10:36.536 [main] XBeanDebug - Resolving type for handle cttablestyles872ftype
[TRACE] 2024-09-14 18:10:36.539 [main] XBeanDebug - Resolving type for handle cttablestylea24ctype
[TRACE] 2024-09-14 18:10:36.582 [main] XBeanDebug - Resolving type for handle cttablestyleelementa658type
[TRACE] 2024-09-14 18:10:36.584 [main] XBeanDebug - Resolving type for handle sttablestyletype9936type
[TRACE] 2024-09-14 18:10:36.587 [main] XBeanDebug - Resolving type for handle stdxfid9fdctype
[TRACE] 2024-09-14 18:10:36.594 [main] XBeanDebug - Resolving type for handle workbookec17doctype
[TRACE] 2024-09-14 18:10:36.597 [main] XBeanDebug - Resolving type for handle ctworkbook83c3type
[TRACE] 2024-09-14 18:10:36.601 [main] XBeanDebug - Resolving type for handle ctsheets49fdtype
[TRACE] 2024-09-14 18:10:36.603 [main] XBeanDebug - Resolving type for handle ctsheet4dbetype
[TRACE] 2024-09-14 18:10:36.604 [main] XBeanDebug - Resolving type for handle strelationshipid1e94type
[TRACE] 2024-09-14 18:10:36.605 [main] XBeanDebug - Resolving type for handle worksheetf539doctype
[TRACE] 2024-09-14 18:10:36.609 [main] XBeanDebug - Resolving type for handle ctworksheet530dtype
[TRACE] 2024-09-14 18:10:36.615 [main] XBeanDebug - Resolving type for handle ctcols627ctype
[TRACE] 2024-09-14 18:10:36.619 [main] XBeanDebug - Resolving type for handle ctcola95ftype
[TRACE] 2024-09-14 18:10:36.633 [main] XBeanDebug - Resolving type for handle ctsheetdata8408type
[TRACE] 2024-09-14 18:10:36.636 [main] XBeanDebug - Resolving type for handle ctrowdd39type
[TRACE] 2024-09-14 18:10:36.639 [main] XBeanDebug - Resolving type for handle ctcell842btype
[TRACE] 2024-09-14 18:10:36.644 [main] XBeanDebug - Resolving type for handle stcellrefe4e0type
[TRACE] 2024-09-14 18:10:36.648 [main] XBeanDebug - Resolving type for handle stcelltypebf95type
[DEBUG] 2024-09-14 18:11:04.661 [main] PackageRelationshipCollection - Parsing relationship: /xl/_rels/workbook.xml.rels
[DEBUG] 2024-09-14 18:11:04.668 [main] PackageRelationshipCollection - Parsing relationship: /_rels/.rels
[TRACE] 2024-09-14 18:11:04.811 [main] XBeanDebug - Loading type system org.apache.poi.schemas.ooxml.system.ooxml
[TRACE] 2024-09-14 18:11:04.813 [main] XBeanDebug - Loading type system org.apache.xmlbeans.metadata.system.sXMLCONFIG
[TRACE] 2024-09-14 18:11:04.814 [main] XBeanDebug - Loading type system org.apache.xmlbeans.metadata.system.sXMLLANG
[TRACE] 2024-09-14 18:11:04.814 [main] XBeanDebug - Loading type system org.apache.xmlbeans.metadata.system.sXMLSCHEMA
[TRACE] 2024-09-14 18:11:04.815 [main] XBeanDebug - Loading type system org.apache.xmlbeans.metadata.system.sXMLTOOLS
[TRACE] 2024-09-14 18:11:04.816 [main] XBeanDebug - Reading unresolved handles for type system org.apache.xmlbeans.metadata.system.sXMLTOOLS
[TRACE] 2024-09-14 18:11:04.826 [main] XBeanDebug - Finished loading type system org.apache.xmlbeans.metadata.system.sXMLTOOLS
[TRACE] 2024-09-14 18:11:04.826 [main] XBeanDebug - Reading unresolved handles for type system org.apache.xmlbeans.metadata.system.sXMLSCHEMA
[TRACE] 2024-09-14 18:11:04.832 [main] XBeanDebug - Finished loading type system org.apache.xmlbeans.metadata.system.sXMLSCHEMA
[TRACE] 2024-09-14 18:11:04.833 [main] XBeanDebug - Reading unresolved handles for type system org.apache.xmlbeans.metadata.system.sXMLLANG
[TRACE] 2024-09-14 18:11:04.833 [main] XBeanDebug - Finished loading type system org.apache.xmlbeans.metadata.system.sXMLLANG
[TRACE] 2024-09-14 18:11:04.834 [main] XBeanDebug - Reading unresolved handles for type system org.apache.xmlbeans.metadata.system.sXMLCONFIG
[TRACE] 2024-09-14 18:11:04.835 [main] XBeanDebug - Finished loading type system org.apache.xmlbeans.metadata.system.sXMLCONFIG
[TRACE] 2024-09-14 18:11:04.835 [main] XBeanDebug - Reading unresolved handles for type system org.apache.poi.schemas.ooxml.system.ooxml
[TRACE] 2024-09-14 18:11:04.891 [main] XBeanDebug - Finished loading type system org.apache.poi.schemas.ooxml.system.ooxml
[TRACE] 2024-09-14 18:11:04.891 [main] XBeanDebug - Resolving type for handle themefd26doctype
[TRACE] 2024-09-14 18:11:04.936 [main] XBeanDebug - Resolving type for handle sstf81fdoctype
[TRACE] 2024-09-14 18:11:04.939 [main] XBeanDebug - Resolving type for handle ctsst44f3type
[TRACE] 2024-09-14 18:11:04.949 [main] XBeanDebug - Resolving type for handle ctrsta472type
[TRACE] 2024-09-14 18:11:04.961 [main] XBeanDebug - Resolving type for handle stylesheet5d8bdoctype
[TRACE] 2024-09-14 18:11:04.976 [main] XBeanDebug - Resolving type for handle ctstylesheet4257type
[TRACE] 2024-09-14 18:11:04.978 [main] XBeanDebug - Resolving type for handle ctnumfmtsb58btype
[TRACE] 2024-09-14 18:11:04.980 [main] XBeanDebug - Resolving type for handle ctnumfmt3870type
[TRACE] 2024-09-14 18:11:04.981 [main] XBeanDebug - Resolving type for handle stnumfmtid76fbtype
[TRACE] 2024-09-14 18:11:04.982 [main] XBeanDebug - Resolving type for handle stxstringf179type
[TRACE] 2024-09-14 18:11:04.983 [main] XBeanDebug - Resolving type for handle ctfonts6623type
[TRACE] 2024-09-14 18:11:04.985 [main] XBeanDebug - Resolving type for handle ctfont14d8type
[TRACE] 2024-09-14 18:11:04.989 [main] XBeanDebug - Resolving type for handle ctfills2c6ftype
[TRACE] 2024-09-14 18:11:04.991 [main] XBeanDebug - Resolving type for handle ctfill550ctype
[TRACE] 2024-09-14 18:11:04.993 [main] XBeanDebug - Resolving type for handle ctborders0d66type
[TRACE] 2024-09-14 18:11:04.995 [main] XBeanDebug - Resolving type for handle ctborderf935type
[TRACE] 2024-09-14 18:11:04.997 [main] XBeanDebug - Resolving type for handle ctcellxfs1322type
[TRACE] 2024-09-14 18:11:04.998 [main] XBeanDebug - Resolving type for handle ctxf97f7type
[TRACE] 2024-09-14 18:11:05.000 [main] XBeanDebug - Resolving type for handle ctcellstylexfsa81ftype
[TRACE] 2024-09-14 18:11:05.003 [main] XBeanDebug - Resolving type for handle ctdxfsb26atype
[TRACE] 2024-09-14 18:11:05.004 [main] XBeanDebug - Resolving type for handle ctdxfa3b1type
[TRACE] 2024-09-14 18:11:05.006 [main] XBeanDebug - Resolving type for handle cttablestyles872ftype
[TRACE] 2024-09-14 18:11:05.008 [main] XBeanDebug - Resolving type for handle cttablestylea24ctype
[TRACE] 2024-09-14 18:11:05.054 [main] XBeanDebug - Resolving type for handle cttablestyleelementa658type
[TRACE] 2024-09-14 18:11:05.056 [main] XBeanDebug - Resolving type for handle sttablestyletype9936type
[TRACE] 2024-09-14 18:11:05.060 [main] XBeanDebug - Resolving type for handle stdxfid9fdctype
[TRACE] 2024-09-14 18:11:05.067 [main] XBeanDebug - Resolving type for handle workbookec17doctype
[TRACE] 2024-09-14 18:11:05.072 [main] XBeanDebug - Resolving type for handle ctworkbook83c3type
[TRACE] 2024-09-14 18:11:05.076 [main] XBeanDebug - Resolving type for handle ctsheets49fdtype
[TRACE] 2024-09-14 18:11:05.078 [main] XBeanDebug - Resolving type for handle ctsheet4dbetype
[TRACE] 2024-09-14 18:11:05.080 [main] XBeanDebug - Resolving type for handle strelationshipid1e94type
[TRACE] 2024-09-14 18:11:05.081 [main] XBeanDebug - Resolving type for handle worksheetf539doctype
[TRACE] 2024-09-14 18:11:05.086 [main] XBeanDebug - Resolving type for handle ctworksheet530dtype
[TRACE] 2024-09-14 18:11:05.095 [main] XBeanDebug - Resolving type for handle ctcols627ctype
[TRACE] 2024-09-14 18:11:05.098 [main] XBeanDebug - Resolving type for handle ctcola95ftype
[TRACE] 2024-09-14 18:11:05.113 [main] XBeanDebug - Resolving type for handle ctsheetdata8408type
[TRACE] 2024-09-14 18:11:05.115 [main] XBeanDebug - Resolving type for handle ctrowdd39type
[TRACE] 2024-09-14 18:11:05.118 [main] XBeanDebug - Resolving type for handle ctcell842btype
[TRACE] 2024-09-14 18:11:05.124 [main] XBeanDebug - Resolving type for handle stcellrefe4e0type
[TRACE] 2024-09-14 18:11:05.128 [main] XBeanDebug - Resolving type for handle stcelltypebf95type
[DEBUG] 2024-09-14 18:40:33.780 [main] PackageRelationshipCollection - Parsing relationship: /xl/_rels/workbook.xml.rels
[DEBUG] 2024-09-14 18:40:33.786 [main] PackageRelationshipCollection - Parsing relationship: /_rels/.rels
[TRACE] 2024-09-14 18:40:33.932 [main] XBeanDebug - Loading type system org.apache.poi.schemas.ooxml.system.ooxml
[TRACE] 2024-09-14 18:40:33.935 [main] XBeanDebug - Loading type system org.apache.xmlbeans.metadata.system.sXMLCONFIG
[TRACE] 2024-09-14 18:40:33.936 [main] XBeanDebug - Loading type system org.apache.xmlbeans.metadata.system.sXMLLANG
[TRACE] 2024-09-14 18:40:33.936 [main] XBeanDebug - Loading type system org.apache.xmlbeans.metadata.system.sXMLSCHEMA
[TRACE] 2024-09-14 18:40:33.937 [main] XBeanDebug - Loading type system org.apache.xmlbeans.metadata.system.sXMLTOOLS
[TRACE] 2024-09-14 18:40:33.938 [main] XBeanDebug - Reading unresolved handles for type system org.apache.xmlbeans.metadata.system.sXMLTOOLS
[TRACE] 2024-09-14 18:40:33.950 [main] XBeanDebug - Finished loading type system org.apache.xmlbeans.metadata.system.sXMLTOOLS
[TRACE] 2024-09-14 18:40:33.950 [main] XBeanDebug - Reading unresolved handles for type system org.apache.xmlbeans.metadata.system.sXMLSCHEMA
[TRACE] 2024-09-14 18:40:33.957 [main] XBeanDebug - Finished loading type system org.apache.xmlbeans.metadata.system.sXMLSCHEMA
[TRACE] 2024-09-14 18:40:33.958 [main] XBeanDebug - Reading unresolved handles for type system org.apache.xmlbeans.metadata.system.sXMLLANG
[TRACE] 2024-09-14 18:40:33.959 [main] XBeanDebug - Finished loading type system org.apache.xmlbeans.metadata.system.sXMLLANG
[TRACE] 2024-09-14 18:40:33.959 [main] XBeanDebug - Reading unresolved handles for type system org.apache.xmlbeans.metadata.system.sXMLCONFIG
[TRACE] 2024-09-14 18:40:33.960 [main] XBeanDebug - Finished loading type system org.apache.xmlbeans.metadata.system.sXMLCONFIG
[TRACE] 2024-09-14 18:40:33.961 [main] XBeanDebug - Reading unresolved handles for type system org.apache.poi.schemas.ooxml.system.ooxml
[TRACE] 2024-09-14 18:40:34.009 [main] XBeanDebug - Finished loading type system org.apache.poi.schemas.ooxml.system.ooxml
[TRACE] 2024-09-14 18:40:34.010 [main] XBeanDebug - Resolving type for handle themefd26doctype
[TRACE] 2024-09-14 18:40:34.051 [main] XBeanDebug - Resolving type for handle sstf81fdoctype
[TRACE] 2024-09-14 18:40:34.055 [main] XBeanDebug - Resolving type for handle ctsst44f3type
[TRACE] 2024-09-14 18:40:34.064 [main] XBeanDebug - Resolving type for handle ctrsta472type
[TRACE] 2024-09-14 18:40:34.076 [main] XBeanDebug - Resolving type for handle stylesheet5d8bdoctype
[TRACE] 2024-09-14 18:40:34.093 [main] XBeanDebug - Resolving type for handle ctstylesheet4257type
[TRACE] 2024-09-14 18:40:34.097 [main] XBeanDebug - Resolving type for handle ctnumfmtsb58btype
[TRACE] 2024-09-14 18:40:34.099 [main] XBeanDebug - Resolving type for handle ctnumfmt3870type
[TRACE] 2024-09-14 18:40:34.100 [main] XBeanDebug - Resolving type for handle stnumfmtid76fbtype
[TRACE] 2024-09-14 18:40:34.101 [main] XBeanDebug - Resolving type for handle stxstringf179type
[TRACE] 2024-09-14 18:40:34.103 [main] XBeanDebug - Resolving type for handle ctfonts6623type
[TRACE] 2024-09-14 18:40:34.105 [main] XBeanDebug - Resolving type for handle ctfont14d8type
[TRACE] 2024-09-14 18:40:34.110 [main] XBeanDebug - Resolving type for handle ctfills2c6ftype
[TRACE] 2024-09-14 18:40:34.111 [main] XBeanDebug - Resolving type for handle ctfill550ctype
[TRACE] 2024-09-14 18:40:34.113 [main] XBeanDebug - Resolving type for handle ctborders0d66type
[TRACE] 2024-09-14 18:40:34.115 [main] XBeanDebug - Resolving type for handle ctborderf935type
[TRACE] 2024-09-14 18:40:34.117 [main] XBeanDebug - Resolving type for handle ctcellxfs1322type
[TRACE] 2024-09-14 18:40:34.118 [main] XBeanDebug - Resolving type for handle ctxf97f7type
[TRACE] 2024-09-14 18:40:34.120 [main] XBeanDebug - Resolving type for handle ctcellstylexfsa81ftype
[TRACE] 2024-09-14 18:40:34.121 [main] XBeanDebug - Resolving type for handle ctdxfsb26atype
[TRACE] 2024-09-14 18:40:34.123 [main] XBeanDebug - Resolving type for handle ctdxfa3b1type
[TRACE] 2024-09-14 18:40:34.124 [main] XBeanDebug - Resolving type for handle cttablestyles872ftype
[TRACE] 2024-09-14 18:40:34.126 [main] XBeanDebug - Resolving type for handle cttablestylea24ctype
[TRACE] 2024-09-14 18:40:34.172 [main] XBeanDebug - Resolving type for handle cttablestyleelementa658type
[TRACE] 2024-09-14 18:40:34.175 [main] XBeanDebug - Resolving type for handle sttablestyletype9936type
[TRACE] 2024-09-14 18:40:34.178 [main] XBeanDebug - Resolving type for handle stdxfid9fdctype
[TRACE] 2024-09-14 18:40:34.185 [main] XBeanDebug - Resolving type for handle workbookec17doctype
[TRACE] 2024-09-14 18:40:34.189 [main] XBeanDebug - Resolving type for handle ctworkbook83c3type
[TRACE] 2024-09-14 18:40:34.192 [main] XBeanDebug - Resolving type for handle ctsheets49fdtype
[TRACE] 2024-09-14 18:40:34.195 [main] XBeanDebug - Resolving type for handle ctsheet4dbetype
[TRACE] 2024-09-14 18:40:34.196 [main] XBeanDebug - Resolving type for handle strelationshipid1e94type
[TRACE] 2024-09-14 18:40:34.197 [main] XBeanDebug - Resolving type for handle worksheetf539doctype
[TRACE] 2024-09-14 18:40:34.200 [main] XBeanDebug - Resolving type for handle ctworksheet530dtype
[TRACE] 2024-09-14 18:40:34.206 [main] XBeanDebug - Resolving type for handle ctcols627ctype
[TRACE] 2024-09-14 18:40:34.209 [main] XBeanDebug - Resolving type for handle ctcola95ftype
[TRACE] 2024-09-14 18:40:34.226 [main] XBeanDebug - Resolving type for handle ctsheetdata8408type
[TRACE] 2024-09-14 18:40:34.229 [main] XBeanDebug - Resolving type for handle ctrowdd39type
[TRACE] 2024-09-14 18:40:34.232 [main] XBeanDebug - Resolving type for handle ctcell842btype
[TRACE] 2024-09-14 18:40:34.237 [main] XBeanDebug - Resolving type for handle stcellrefe4e0type
[TRACE] 2024-09-14 18:40:34.241 [main] XBeanDebug - Resolving type for handle stcelltypebf95type
[DEBUG] 2024-09-14 18:42:52.131 [main] PackageRelationshipCollection - Parsing relationship: /xl/_rels/workbook.xml.rels
[DEBUG] 2024-09-14 18:42:52.136 [main] PackageRelationshipCollection - Parsing relationship: /_rels/.rels
[TRACE] 2024-09-14 18:42:52.268 [main] XBeanDebug - Loading type system org.apache.poi.schemas.ooxml.system.ooxml
[TRACE] 2024-09-14 18:42:52.271 [main] XBeanDebug - Loading type system org.apache.xmlbeans.metadata.system.sXMLCONFIG
[TRACE] 2024-09-14 18:42:52.272 [main] XBeanDebug - Loading type system org.apache.xmlbeans.metadata.system.sXMLLANG
[TRACE] 2024-09-14 18:42:52.273 [main] XBeanDebug - Loading type system org.apache.xmlbeans.metadata.system.sXMLSCHEMA
[TRACE] 2024-09-14 18:42:52.274 [main] XBeanDebug - Loading type system org.apache.xmlbeans.metadata.system.sXMLTOOLS
[TRACE] 2024-09-14 18:42:52.274 [main] XBeanDebug - Reading unresolved handles for type system org.apache.xmlbeans.metadata.system.sXMLTOOLS
[TRACE] 2024-09-14 18:42:52.287 [main] XBeanDebug - Finished loading type system org.apache.xmlbeans.metadata.system.sXMLTOOLS
[TRACE] 2024-09-14 18:42:52.289 [main] XBeanDebug - Reading unresolved handles for type system org.apache.xmlbeans.metadata.system.sXMLSCHEMA
[TRACE] 2024-09-14 18:42:52.298 [main] XBeanDebug - Finished loading type system org.apache.xmlbeans.metadata.system.sXMLSCHEMA
[TRACE] 2024-09-14 18:42:52.299 [main] XBeanDebug - Reading unresolved handles for type system org.apache.xmlbeans.metadata.system.sXMLLANG
[TRACE] 2024-09-14 18:42:52.300 [main] XBeanDebug - Finished loading type system org.apache.xmlbeans.metadata.system.sXMLLANG
[TRACE] 2024-09-14 18:42:52.300 [main] XBeanDebug - Reading unresolved handles for type system org.apache.xmlbeans.metadata.system.sXMLCONFIG
[TRACE] 2024-09-14 18:42:52.301 [main] XBeanDebug - Finished loading type system org.apache.xmlbeans.metadata.system.sXMLCONFIG
[TRACE] 2024-09-14 18:42:52.302 [main] XBeanDebug - Reading unresolved handles for type system org.apache.poi.schemas.ooxml.system.ooxml
[TRACE] 2024-09-14 18:42:52.350 [main] XBeanDebug - Finished loading type system org.apache.poi.schemas.ooxml.system.ooxml
[TRACE] 2024-09-14 18:42:52.350 [main] XBeanDebug - Resolving type for handle themefd26doctype
[TRACE] 2024-09-14 18:42:52.390 [main] XBeanDebug - Resolving type for handle sstf81fdoctype
[TRACE] 2024-09-14 18:42:52.394 [main] XBeanDebug - Resolving type for handle ctsst44f3type
[TRACE] 2024-09-14 18:42:52.402 [main] XBeanDebug - Resolving type for handle ctrsta472type
[TRACE] 2024-09-14 18:42:52.416 [main] XBeanDebug - Resolving type for handle stylesheet5d8bdoctype
[TRACE] 2024-09-14 18:42:52.430 [main] XBeanDebug - Resolving type for handle ctstylesheet4257type
[TRACE] 2024-09-14 18:42:52.433 [main] XBeanDebug - Resolving type for handle ctnumfmtsb58btype
[TRACE] 2024-09-14 18:42:52.434 [main] XBeanDebug - Resolving type for handle ctnumfmt3870type
[TRACE] 2024-09-14 18:42:52.435 [main] XBeanDebug - Resolving type for handle stnumfmtid76fbtype
[TRACE] 2024-09-14 18:42:52.436 [main] XBeanDebug - Resolving type for handle stxstringf179type
[TRACE] 2024-09-14 18:42:52.438 [main] XBeanDebug - Resolving type for handle ctfonts6623type
[TRACE] 2024-09-14 18:42:52.440 [main] XBeanDebug - Resolving type for handle ctfont14d8type
[TRACE] 2024-09-14 18:42:52.445 [main] XBeanDebug - Resolving type for handle ctfills2c6ftype
[TRACE] 2024-09-14 18:42:52.447 [main] XBeanDebug - Resolving type for handle ctfill550ctype
[TRACE] 2024-09-14 18:42:52.449 [main] XBeanDebug - Resolving type for handle ctborders0d66type
[TRACE] 2024-09-14 18:42:52.451 [main] XBeanDebug - Resolving type for handle ctborderf935type
[TRACE] 2024-09-14 18:42:52.453 [main] XBeanDebug - Resolving type for handle ctcellxfs1322type
[TRACE] 2024-09-14 18:42:52.454 [main] XBeanDebug - Resolving type for handle ctxf97f7type
[TRACE] 2024-09-14 18:42:52.456 [main] XBeanDebug - Resolving type for handle ctcellstylexfsa81ftype
[TRACE] 2024-09-14 18:42:52.458 [main] XBeanDebug - Resolving type for handle ctdxfsb26atype
[TRACE] 2024-09-14 18:42:52.460 [main] XBeanDebug - Resolving type for handle ctdxfa3b1type
[TRACE] 2024-09-14 18:42:52.463 [main] XBeanDebug - Resolving type for handle cttablestyles872ftype
[TRACE] 2024-09-14 18:42:52.465 [main] XBeanDebug - Resolving type for handle cttablestylea24ctype
[TRACE] 2024-09-14 18:42:52.513 [main] XBeanDebug - Resolving type for handle cttablestyleelementa658type
[TRACE] 2024-09-14 18:42:52.515 [main] XBeanDebug - Resolving type for handle sttablestyletype9936type
[TRACE] 2024-09-14 18:42:52.518 [main] XBeanDebug - Resolving type for handle stdxfid9fdctype
[TRACE] 2024-09-14 18:42:52.527 [main] XBeanDebug - Resolving type for handle workbookec17doctype
[TRACE] 2024-09-14 18:42:52.532 [main] XBeanDebug - Resolving type for handle ctworkbook83c3type
[TRACE] 2024-09-14 18:42:52.536 [main] XBeanDebug - Resolving type for handle ctsheets49fdtype
[TRACE] 2024-09-14 18:42:52.538 [main] XBeanDebug - Resolving type for handle ctsheet4dbetype
[TRACE] 2024-09-14 18:42:52.539 [main] XBeanDebug - Resolving type for handle strelationshipid1e94type
[TRACE] 2024-09-14 18:42:52.541 [main] XBeanDebug - Resolving type for handle worksheetf539doctype
[TRACE] 2024-09-14 18:42:52.544 [main] XBeanDebug - Resolving type for handle ctworksheet530dtype
[TRACE] 2024-09-14 18:42:52.552 [main] XBeanDebug - Resolving type for handle ctcols627ctype
[TRACE] 2024-09-14 18:42:52.554 [main] XBeanDebug - Resolving type for handle ctcola95ftype
[TRACE] 2024-09-14 18:42:52.572 [main] XBeanDebug - Resolving type for handle ctsheetdata8408type
[TRACE] 2024-09-14 18:42:52.580 [main] XBeanDebug - Resolving type for handle ctrowdd39type
[TRACE] 2024-09-14 18:42:52.585 [main] XBeanDebug - Resolving type for handle ctcell842btype
[TRACE] 2024-09-14 18:42:52.590 [main] XBeanDebug - Resolving type for handle stcellrefe4e0type
[TRACE] 2024-09-14 18:42:52.594 [main] XBeanDebug - Resolving type for handle stcelltypebf95type
[DEBUG] 2024-09-14 18:43:17.100 [main] PackageRelationshipCollection - Parsing relationship: /xl/_rels/workbook.xml.rels
[DEBUG] 2024-09-14 18:43:17.105 [main] PackageRelationshipCollection - Parsing relationship: /_rels/.rels
[TRACE] 2024-09-14 18:43:17.255 [main] XBeanDebug - Loading type system org.apache.poi.schemas.ooxml.system.ooxml
[TRACE] 2024-09-14 18:43:17.257 [main] XBeanDebug - Loading type system org.apache.xmlbeans.metadata.system.sXMLCONFIG
[TRACE] 2024-09-14 18:43:17.258 [main] XBeanDebug - Loading type system org.apache.xmlbeans.metadata.system.sXMLLANG
[TRACE] 2024-09-14 18:43:17.259 [main] XBeanDebug - Loading type system org.apache.xmlbeans.metadata.system.sXMLSCHEMA
[TRACE] 2024-09-14 18:43:17.259 [main] XBeanDebug - Loading type system org.apache.xmlbeans.metadata.system.sXMLTOOLS
[TRACE] 2024-09-14 18:43:17.260 [main] XBeanDebug - Reading unresolved handles for type system org.apache.xmlbeans.metadata.system.sXMLTOOLS
[TRACE] 2024-09-14 18:43:17.272 [main] XBeanDebug - Finished loading type system org.apache.xmlbeans.metadata.system.sXMLTOOLS
[TRACE] 2024-09-14 18:43:17.273 [main] XBeanDebug - Reading unresolved handles for type system org.apache.xmlbeans.metadata.system.sXMLSCHEMA
[TRACE] 2024-09-14 18:43:17.282 [main] XBeanDebug - Finished loading type system org.apache.xmlbeans.metadata.system.sXMLSCHEMA
[TRACE] 2024-09-14 18:43:17.283 [main] XBeanDebug - Reading unresolved handles for type system org.apache.xmlbeans.metadata.system.sXMLLANG
[TRACE] 2024-09-14 18:43:17.284 [main] XBeanDebug - Finished loading type system org.apache.xmlbeans.metadata.system.sXMLLANG
[TRACE] 2024-09-14 18:43:17.285 [main] XBeanDebug - Reading unresolved handles for type system org.apache.xmlbeans.metadata.system.sXMLCONFIG
[TRACE] 2024-09-14 18:43:17.286 [main] XBeanDebug - Finished loading type system org.apache.xmlbeans.metadata.system.sXMLCONFIG
[TRACE] 2024-09-14 18:43:17.286 [main] XBeanDebug - Reading unresolved handles for type system org.apache.poi.schemas.ooxml.system.ooxml
[TRACE] 2024-09-14 18:43:17.341 [main] XBeanDebug - Finished loading type system org.apache.poi.schemas.ooxml.system.ooxml
[TRACE] 2024-09-14 18:43:17.342 [main] XBeanDebug - Resolving type for handle themefd26doctype
[TRACE] 2024-09-14 18:43:17.397 [main] XBeanDebug - Resolving type for handle sstf81fdoctype
[TRACE] 2024-09-14 18:43:17.402 [main] XBeanDebug - Resolving type for handle ctsst44f3type
[TRACE] 2024-09-14 18:43:17.413 [main] XBeanDebug - Resolving type for handle ctrsta472type
[TRACE] 2024-09-14 18:43:17.424 [main] XBeanDebug - Resolving type for handle stylesheet5d8bdoctype
[TRACE] 2024-09-14 18:43:17.438 [main] XBeanDebug - Resolving type for handle ctstylesheet4257type
[TRACE] 2024-09-14 18:43:17.441 [main] XBeanDebug - Resolving type for handle ctnumfmtsb58btype
[TRACE] 2024-09-14 18:43:17.443 [main] XBeanDebug - Resolving type for handle ctnumfmt3870type
[TRACE] 2024-09-14 18:43:17.444 [main] XBeanDebug - Resolving type for handle stnumfmtid76fbtype
[TRACE] 2024-09-14 18:43:17.445 [main] XBeanDebug - Resolving type for handle stxstringf179type
[TRACE] 2024-09-14 18:43:17.446 [main] XBeanDebug - Resolving type for handle ctfonts6623type
[TRACE] 2024-09-14 18:43:17.447 [main] XBeanDebug - Resolving type for handle ctfont14d8type
[TRACE] 2024-09-14 18:43:17.452 [main] XBeanDebug - Resolving type for handle ctfills2c6ftype
[TRACE] 2024-09-14 18:43:17.452 [main] XBeanDebug - Resolving type for handle ctfill550ctype
[TRACE] 2024-09-14 18:43:17.453 [main] XBeanDebug - Resolving type for handle ctborders0d66type
[TRACE] 2024-09-14 18:43:17.455 [main] XBeanDebug - Resolving type for handle ctborderf935type
[TRACE] 2024-09-14 18:43:17.457 [main] XBeanDebug - Resolving type for handle ctcellxfs1322type
[TRACE] 2024-09-14 18:43:17.458 [main] XBeanDebug - Resolving type for handle ctxf97f7type
[TRACE] 2024-09-14 18:43:17.460 [main] XBeanDebug - Resolving type for handle ctcellstylexfsa81ftype
[TRACE] 2024-09-14 18:43:17.461 [main] XBeanDebug - Resolving type for handle ctdxfsb26atype
[TRACE] 2024-09-14 18:43:17.463 [main] XBeanDebug - Resolving type for handle ctdxfa3b1type
[TRACE] 2024-09-14 18:43:17.465 [main] XBeanDebug - Resolving type for handle cttablestyles872ftype
[TRACE] 2024-09-14 18:43:17.467 [main] XBeanDebug - Resolving type for handle cttablestylea24ctype
[TRACE] 2024-09-14 18:43:17.533 [main] XBeanDebug - Resolving type for handle cttablestyleelementa658type
[TRACE] 2024-09-14 18:43:17.536 [main] XBeanDebug - Resolving type for handle sttablestyletype9936type
[TRACE] 2024-09-14 18:43:17.540 [main] XBeanDebug - Resolving type for handle stdxfid9fdctype
[TRACE] 2024-09-14 18:43:17.547 [main] XBeanDebug - Resolving type for handle workbookec17doctype
[TRACE] 2024-09-14 18:43:17.552 [main] XBeanDebug - Resolving type for handle ctworkbook83c3type
[TRACE] 2024-09-14 18:43:17.558 [main] XBeanDebug - Resolving type for handle ctsheets49fdtype
[TRACE] 2024-09-14 18:43:17.559 [main] XBeanDebug - Resolving type for handle ctsheet4dbetype
[TRACE] 2024-09-14 18:43:17.561 [main] XBeanDebug - Resolving type for handle strelationshipid1e94type
[TRACE] 2024-09-14 18:43:17.562 [main] XBeanDebug - Resolving type for handle worksheetf539doctype
[TRACE] 2024-09-14 18:43:17.565 [main] XBeanDebug - Resolving type for handle ctworksheet530dtype
[TRACE] 2024-09-14 18:43:17.572 [main] XBeanDebug - Resolving type for handle ctcols627ctype
[TRACE] 2024-09-14 18:43:17.574 [main] XBeanDebug - Resolving type for handle ctcola95ftype
[TRACE] 2024-09-14 18:43:17.588 [main] XBeanDebug - Resolving type for handle ctsheetdata8408type
[TRACE] 2024-09-14 18:43:17.590 [main] XBeanDebug - Resolving type for handle ctrowdd39type
[TRACE] 2024-09-14 18:43:17.593 [main] XBeanDebug - Resolving type for handle ctcell842btype
[TRACE] 2024-09-14 18:43:17.599 [main] XBeanDebug - Resolving type for handle stcellrefe4e0type
[TRACE] 2024-09-14 18:43:17.605 [main] XBeanDebug - Resolving type for handle stcelltypebf95type
[DEBUG] 2024-09-14 18:45:07.431 [main] PackageRelationshipCollection - Parsing relationship: /xl/_rels/workbook.xml.rels
[DEBUG] 2024-09-14 18:45:07.437 [main] PackageRelationshipCollection - Parsing relationship: /_rels/.rels
[TRACE] 2024-09-14 18:45:07.592 [main] XBeanDebug - Loading type system org.apache.poi.schemas.ooxml.system.ooxml
[TRACE] 2024-09-14 18:45:07.595 [main] XBeanDebug - Loading type system org.apache.xmlbeans.metadata.system.sXMLCONFIG
[TRACE] 2024-09-14 18:45:07.596 [main] XBeanDebug - Loading type system org.apache.xmlbeans.metadata.system.sXMLLANG
[TRACE] 2024-09-14 18:45:07.596 [main] XBeanDebug - Loading type system org.apache.xmlbeans.metadata.system.sXMLSCHEMA
[TRACE] 2024-09-14 18:45:07.597 [main] XBeanDebug - Loading type system org.apache.xmlbeans.metadata.system.sXMLTOOLS
[TRACE] 2024-09-14 18:45:07.597 [main] XBeanDebug - Reading unresolved handles for type system org.apache.xmlbeans.metadata.system.sXMLTOOLS
[TRACE] 2024-09-14 18:45:07.612 [main] XBeanDebug - Finished loading type system org.apache.xmlbeans.metadata.system.sXMLTOOLS
[TRACE] 2024-09-14 18:45:07.613 [main] XBeanDebug - Reading unresolved handles for type system org.apache.xmlbeans.metadata.system.sXMLSCHEMA
[TRACE] 2024-09-14 18:45:07.618 [main] XBeanDebug - Finished loading type system org.apache.xmlbeans.metadata.system.sXMLSCHEMA
[TRACE] 2024-09-14 18:45:07.619 [main] XBeanDebug - Reading unresolved handles for type system org.apache.xmlbeans.metadata.system.sXMLLANG
[TRACE] 2024-09-14 18:45:07.621 [main] XBeanDebug - Finished loading type system org.apache.xmlbeans.metadata.system.sXMLLANG
[TRACE] 2024-09-14 18:45:07.622 [main] XBeanDebug - Reading unresolved handles for type system org.apache.xmlbeans.metadata.system.sXMLCONFIG
[TRACE] 2024-09-14 18:45:07.623 [main] XBeanDebug - Finished loading type system org.apache.xmlbeans.metadata.system.sXMLCONFIG
[TRACE] 2024-09-14 18:45:07.624 [main] XBeanDebug - Reading unresolved handles for type system org.apache.poi.schemas.ooxml.system.ooxml
[TRACE] 2024-09-14 18:45:07.680 [main] XBeanDebug - Finished loading type system org.apache.poi.schemas.ooxml.system.ooxml
[TRACE] 2024-09-14 18:45:07.681 [main] XBeanDebug - Resolving type for handle themefd26doctype
[TRACE] 2024-09-14 18:45:07.726 [main] XBeanDebug - Resolving type for handle sstf81fdoctype
[TRACE] 2024-09-14 18:45:07.730 [main] XBeanDebug - Resolving type for handle ctsst44f3type
[TRACE] 2024-09-14 18:45:07.740 [main] XBeanDebug - Resolving type for handle ctrsta472type
[TRACE] 2024-09-14 18:45:07.752 [main] XBeanDebug - Resolving type for handle stylesheet5d8bdoctype
[TRACE] 2024-09-14 18:45:07.764 [main] XBeanDebug - Resolving type for handle ctstylesheet4257type
[TRACE] 2024-09-14 18:45:07.767 [main] XBeanDebug - Resolving type for handle ctnumfmtsb58btype
[TRACE] 2024-09-14 18:45:07.769 [main] XBeanDebug - Resolving type for handle ctnumfmt3870type
[TRACE] 2024-09-14 18:45:07.770 [main] XBeanDebug - Resolving type for handle stnumfmtid76fbtype
[TRACE] 2024-09-14 18:45:07.770 [main] XBeanDebug - Resolving type for handle stxstringf179type
[TRACE] 2024-09-14 18:45:07.772 [main] XBeanDebug - Resolving type for handle ctfonts6623type
[TRACE] 2024-09-14 18:45:07.774 [main] XBeanDebug - Resolving type for handle ctfont14d8type
[TRACE] 2024-09-14 18:45:07.778 [main] XBeanDebug - Resolving type for handle ctfills2c6ftype
[TRACE] 2024-09-14 18:45:07.779 [main] XBeanDebug - Resolving type for handle ctfill550ctype
[TRACE] 2024-09-14 18:45:07.780 [main] XBeanDebug - Resolving type for handle ctborders0d66type
[TRACE] 2024-09-14 18:45:07.783 [main] XBeanDebug - Resolving type for handle ctborderf935type
[TRACE] 2024-09-14 18:45:07.784 [main] XBeanDebug - Resolving type for handle ctcellxfs1322type
[TRACE] 2024-09-14 18:45:07.786 [main] XBeanDebug - Resolving type for handle ctxf97f7type
[TRACE] 2024-09-14 18:45:07.788 [main] XBeanDebug - Resolving type for handle ctcellstylexfsa81ftype
[TRACE] 2024-09-14 18:45:07.789 [main] XBeanDebug - Resolving type for handle ctdxfsb26atype
[TRACE] 2024-09-14 18:45:07.792 [main] XBeanDebug - Resolving type for handle ctdxfa3b1type
[TRACE] 2024-09-14 18:45:07.793 [main] XBeanDebug - Resolving type for handle cttablestyles872ftype
[TRACE] 2024-09-14 18:45:07.794 [main] XBeanDebug - Resolving type for handle cttablestylea24ctype
[TRACE] 2024-09-14 18:45:07.835 [main] XBeanDebug - Resolving type for handle cttablestyleelementa658type
[TRACE] 2024-09-14 18:45:07.837 [main] XBeanDebug - Resolving type for handle sttablestyletype9936type
[TRACE] 2024-09-14 18:45:07.839 [main] XBeanDebug - Resolving type for handle stdxfid9fdctype
[TRACE] 2024-09-14 18:45:07.845 [main] XBeanDebug - Resolving type for handle workbookec17doctype
[TRACE] 2024-09-14 18:45:07.847 [main] XBeanDebug - Resolving type for handle ctworkbook83c3type
[TRACE] 2024-09-14 18:45:07.851 [main] XBeanDebug - Resolving type for handle ctsheets49fdtype
[TRACE] 2024-09-14 18:45:07.853 [main] XBeanDebug - Resolving type for handle ctsheet4dbetype
[TRACE] 2024-09-14 18:45:07.855 [main] XBeanDebug - Resolving type for handle strelationshipid1e94type
[TRACE] 2024-09-14 18:45:07.856 [main] XBeanDebug - Resolving type for handle worksheetf539doctype
[TRACE] 2024-09-14 18:45:07.860 [main] XBeanDebug - Resolving type for handle ctworksheet530dtype
[TRACE] 2024-09-14 18:45:07.867 [main] XBeanDebug - Resolving type for handle ctcols627ctype
[TRACE] 2024-09-14 18:45:07.870 [main] XBeanDebug - Resolving type for handle ctcola95ftype
[TRACE] 2024-09-14 18:45:07.884 [main] XBeanDebug - Resolving type for handle ctsheetdata8408type
[TRACE] 2024-09-14 18:45:07.886 [main] XBeanDebug - Resolving type for handle ctrowdd39type
[TRACE] 2024-09-14 18:45:07.889 [main] XBeanDebug - Resolving type for handle ctcell842btype
[TRACE] 2024-09-14 18:45:07.895 [main] XBeanDebug - Resolving type for handle stcellrefe4e0type
[TRACE] 2024-09-14 18:45:07.901 [main] XBeanDebug - Resolving type for handle stcelltypebf95type
